2021-11-18 11:27:12.328 | INFO     | httprunner.runner:test_start:450 - Start to run testcase: testcase description, TestCase ID: 0dca27be-1803-46a2-a6fd-51e8d4165e05
2021-11-18 11:27:12.329 | INFO     | httprunner.runner:__run_step:292 - run step begin: 获取验证码 >>>>>>
2021-11-18 11:27:12.425 | DEBUG    | httprunner.client:request:186 - client IP: 172.17.175.40, Port: 64931
2021-11-18 11:27:12.426 | DEBUG    | httprunner.client:request:194 - server IP: 10.33.184.13, Port: 443
2021-11-18 11:27:12.427 | DEBUG    | httprunner.client:log_print:40 - 
================== request details ==================
method   : GET
url      : https://uat-hello-shop.hellobike.com/merchant/verificationCode?clientType=2&mobile=18217055949
headers  : {
    "user-agent": "Mozilla/5.0 (Macintosh; Intel Mac OS X 10_15_7) AppleWebKit/537.36 (KHTML, like Gecko) Chrome/95.0.4638.69 Safari/537.36",
    "Accept-Encoding": "gzip, deflate",
    "Accept": "*/*",
    "Connection": "keep-alive",
    "HRUN-Request-ID": "HRUN-0dca27be-1803-46a2-a6fd-51e8d4165e05-032330"
}
cookies  : {}
body     : None

2021-11-18 11:27:12.429 | DEBUG    | httprunner.client:log_print:40 - 
================== response details ==================
status_code : 200
headers  : {
    "Server": "nginx",
    "Date": "Thu, 18 Nov 2021 03:27:12 GMT",
    "Content-Type": "application/json",
    "Content-Length": "74",
    "Connection": "keep-alive",
    "Access-Control-Allow-Headers": "x-requested-with, content-type, nonce, platfrom, signature, timestamp, requestId, token, key-version, fingerprint-hash, clientId, sid, x-chaos-env, systemCode, chaos, x-custom, X-Systag",
    "Access-Control-Allow-Origin": "*",
    "Access-Control-Expose-Headers": "content-disposition, chaos, green",
    "Cache-Control": "no-cache",
    "Pragma": "no-cache",
    "Traceid": "effd171aa412447eb29e3cf61f62ff71"
}
cookies  : {}
encoding : utf-8
content_type : application/json
body     : {
    "code": 0,
    "msg": "操作成功!",
    "data": "f70675447de842b98a11253345a7be4a"
}

2021-11-18 11:27:12.429 | INFO     | httprunner.client:request:217 - status_code: 200, response_time(ms): 95.27 ms, response_length: 0 bytes
2021-11-18 11:27:12.430 | INFO     | httprunner.response:extract:179 - extract mapping: {'data': 'f70675447de842b98a11253345a7be4a'}
2021-11-18 11:27:12.431 | INFO     | httprunner.response:validate:249 - assert status_code equal 200(int)	==> pass
2021-11-18 11:27:12.431 | INFO     | httprunner.response:validate:249 - assert body.code equal 0(int)	==> pass
2021-11-18 11:27:12.432 | INFO     | httprunner.response:validate:249 - assert body.msg equal 操作成功!(str)	==> pass
2021-11-18 11:27:12.432 | INFO     | httprunner.runner:__run_step:304 - run step end: 获取验证码 <<<<<<

2021-11-18 11:27:12.433 | INFO     | httprunner.runner:__run_step:292 - run step begin: 登录 >>>>>>
2021-11-18 11:27:12.465 | DEBUG    | httprunner.client:request:186 - client IP: 172.17.175.40, Port: 64931
2021-11-18 11:27:12.466 | DEBUG    | httprunner.client:request:194 - server IP: 10.33.184.13, Port: 443
2021-11-18 11:27:12.467 | DEBUG    | httprunner.client:log_print:40 - 
================== request details ==================
method   : GET
url      : https://uat-hello-shop.hellobike.com/merchant/loginNew?clientId=f70675447de842b98a11253345a7be4a&userName=18217055949&verificationCode=888888
headers  : {
    "user-agent": "Mozilla/5.0 (Macintosh; Intel Mac OS X 10_15_7) AppleWebKit/537.36 (KHTML, like Gecko) Chrome/95.0.4638.69 Safari/537.36",
    "Accept-Encoding": "gzip, deflate",
    "Accept": "*/*",
    "Connection": "keep-alive",
    "HRUN-Request-ID": "HRUN-0dca27be-1803-46a2-a6fd-51e8d4165e05-032433"
}
cookies  : {}
body     : None

2021-11-18 11:27:12.469 | DEBUG    | httprunner.client:log_print:40 - 
================== response details ==================
status_code : 200
headers  : {
    "Server": "nginx",
    "Date": "Thu, 18 Nov 2021 03:27:12 GMT",
    "Content-Type": "application/json",
    "Content-Length": "74",
    "Connection": "keep-alive",
    "Access-Control-Allow-Headers": "x-requested-with, content-type, nonce, platfrom, signature, timestamp, requestId, token, key-version, fingerprint-hash, clientId, sid, x-chaos-env, systemCode, chaos, x-custom, X-Systag",
    "Access-Control-Allow-Origin": "*",
    "Access-Control-Expose-Headers": "content-disposition, chaos, green",
    "Cache-Control": "no-cache",
    "Pragma": "no-cache",
    "Traceid": "21241bc421be44db90d4923a16793abe"
}
cookies  : {}
encoding : utf-8
content_type : application/json
body     : {
    "code": 0,
    "msg": "操作成功!",
    "data": "06efba6cc60d442184b7013443c11f66"
}

2021-11-18 11:27:12.469 | INFO     | httprunner.client:request:217 - status_code: 200, response_time(ms): 31.52 ms, response_length: 0 bytes
2021-11-18 11:27:12.470 | INFO     | httprunner.response:validate:249 - assert status_code equal 200(int)	==> pass
2021-11-18 11:27:12.470 | INFO     | httprunner.response:validate:249 - assert body.code equal 0(int)	==> pass
2021-11-18 11:27:12.471 | INFO     | httprunner.runner:__run_step:304 - run step end: 登录 <<<<<<

