2021-11-18 11:38:28.892 | INFO     | httprunner.runner:test_start:450 - Start to run testcase: testcase description, TestCase ID: 872efb26-c5cd-4345-9e43-17f149830c82
2021-11-18 11:38:28.894 | INFO     | httprunner.runner:__run_step:292 - run step begin: 获取验证码 >>>>>>
2021-11-18 11:38:28.988 | DEBUG    | httprunner.client:request:186 - client IP: 172.17.175.40, Port: 50886
2021-11-18 11:38:28.989 | DEBUG    | httprunner.client:request:194 - server IP: 10.33.184.13, Port: 443
2021-11-18 11:38:28.990 | DEBUG    | httprunner.client:log_print:40 - 
================== request details ==================
method   : GET
url      : https://uat-hello-shop.hellobike.com/merchant/verificationCode?clientType=2&mobile=18217055949
headers  : {
    "user-agent": "Mozilla/5.0 (Macintosh; Intel Mac OS X 10_15_7) AppleWebKit/537.36 (KHTML, like Gecko) Chrome/95.0.4638.69 Safari/537.36",
    "Accept-Encoding": "gzip, deflate",
    "Accept": "*/*",
    "Connection": "keep-alive",
    "HRUN-Request-ID": "HRUN-872efb26-c5cd-4345-9e43-17f149830c82-708895"
}
cookies  : {}
body     : None

2021-11-18 11:38:28.991 | DEBUG    | httprunner.client:log_print:40 - 
================== response details ==================
status_code : 200
headers  : {
    "Server": "nginx",
    "Date": "Thu, 18 Nov 2021 03:38:29 GMT",
    "Content-Type": "application/json",
    "Content-Length": "74",
    "Connection": "keep-alive",
    "Access-Control-Allow-Headers": "x-requested-with, content-type, nonce, platfrom, signature, timestamp, requestId, token, key-version, fingerprint-hash, clientId, sid, x-chaos-env, systemCode, chaos, x-custom, X-Systag",
    "Access-Control-Allow-Origin": "*",
    "Access-Control-Expose-Headers": "content-disposition, chaos, green",
    "Cache-Control": "no-cache",
    "Pragma": "no-cache",
    "Traceid": "60695859375f471a811e12b189c88dfb"
}
cookies  : {}
encoding : utf-8
content_type : application/json
body     : {
    "code": 0,
    "msg": "操作成功!",
    "data": "12a06a9863014be0b4a2da6dbdd409a6"
}

2021-11-18 11:38:28.992 | INFO     | httprunner.client:request:217 - status_code: 200, response_time(ms): 92.88 ms, response_length: 0 bytes
2021-11-18 11:38:28.992 | INFO     | httprunner.response:extract:179 - extract mapping: {'data': '12a06a9863014be0b4a2da6dbdd409a6'}
2021-11-18 11:38:28.993 | INFO     | httprunner.response:validate:249 - assert status_code equal 200(int)	==> pass
2021-11-18 11:38:28.993 | INFO     | httprunner.response:validate:249 - assert body.code equal 0(int)	==> pass
2021-11-18 11:38:28.994 | INFO     | httprunner.response:validate:249 - assert body.msg equal 操作成功!(str)	==> pass
2021-11-18 11:38:28.994 | INFO     | httprunner.runner:__run_step:304 - run step end: 获取验证码 <<<<<<

2021-11-18 11:38:28.995 | INFO     | httprunner.runner:__run_step:292 - run step begin: 登录 >>>>>>
2021-11-18 11:38:29.056 | DEBUG    | httprunner.client:request:186 - client IP: 172.17.175.40, Port: 50886
2021-11-18 11:38:29.057 | DEBUG    | httprunner.client:request:194 - server IP: 10.33.184.13, Port: 443
2021-11-18 11:38:29.058 | DEBUG    | httprunner.client:log_print:40 - 
================== request details ==================
method   : GET
url      : https://uat-hello-shop.hellobike.com/merchant/loginNew?clientId=12a06a9863014be0b4a2da6dbdd409a6&userName=18217055949&verificationCode=888888
headers  : {
    "user-agent": "Mozilla/5.0 (Macintosh; Intel Mac OS X 10_15_7) AppleWebKit/537.36 (KHTML, like Gecko) Chrome/95.0.4638.69 Safari/537.36",
    "Accept-Encoding": "gzip, deflate",
    "Accept": "*/*",
    "Connection": "keep-alive",
    "HRUN-Request-ID": "HRUN-872efb26-c5cd-4345-9e43-17f149830c82-708996"
}
cookies  : {}
body     : None

2021-11-18 11:38:29.059 | DEBUG    | httprunner.client:log_print:40 - 
================== response details ==================
status_code : 200
headers  : {
    "Server": "nginx",
    "Date": "Thu, 18 Nov 2021 03:38:29 GMT",
    "Content-Type": "application/json",
    "Content-Length": "74",
    "Connection": "keep-alive",
    "Access-Control-Allow-Headers": "x-requested-with, content-type, nonce, platfrom, signature, timestamp, requestId, token, key-version, fingerprint-hash, clientId, sid, x-chaos-env, systemCode, chaos, x-custom, X-Systag",
    "Access-Control-Allow-Origin": "*",
    "Access-Control-Expose-Headers": "content-disposition, chaos, green",
    "Cache-Control": "no-cache",
    "Pragma": "no-cache",
    "Traceid": "eef5b308c939497da9b845c7503e5c69"
}
cookies  : {}
encoding : utf-8
content_type : application/json
body     : {
    "code": 0,
    "msg": "操作成功!",
    "data": "31b2cdb6ec0d4a9fbe9b8d0dd3cc639a"
}

2021-11-18 11:38:29.060 | INFO     | httprunner.client:request:217 - status_code: 200, response_time(ms): 59.75 ms, response_length: 0 bytes
2021-11-18 11:38:29.061 | INFO     | httprunner.response:validate:249 - assert status_code equal 200(int)	==> pass
2021-11-18 11:38:29.061 | INFO     | httprunner.response:validate:249 - assert body.code equal 0(int)	==> pass
2021-11-18 11:38:29.062 | INFO     | httprunner.runner:__run_step:304 - run step end: 登录 <<<<<<

