2021-11-18 11:33:08.884 | INFO     | httprunner.runner:test_start:450 - Start to run testcase: testcase description, TestCase ID: 95194ab9-0254-4c32-8454-a818b7f7239f
2021-11-18 11:33:08.884 | INFO     | httprunner.runner:__run_step:292 - run step begin: 获取验证码 >>>>>>
2021-11-18 11:33:08.976 | DEBUG    | httprunner.client:request:186 - client IP: 172.17.175.40, Port: 49550
2021-11-18 11:33:08.977 | DEBUG    | httprunner.client:request:194 - server IP: 10.33.184.13, Port: 443
2021-11-18 11:33:08.978 | DEBUG    | httprunner.client:log_print:40 - 
================== request details ==================
method   : GET
url      : https://uat-hello-shop.hellobike.com/merchant/verificationCode?clientType=2&mobile=18217055949
headers  : {
    "user-agent": "Mozilla/5.0 (Macintosh; Intel Mac OS X 10_15_7) AppleWebKit/537.36 (KHTML, like Gecko) Chrome/95.0.4638.69 Safari/537.36",
    "Accept-Encoding": "gzip, deflate",
    "Accept": "*/*",
    "Connection": "keep-alive",
    "HRUN-Request-ID": "HRUN-95194ab9-0254-4c32-8454-a818b7f7239f-388886"
}
cookies  : {}
body     : None

2021-11-18 11:33:08.980 | DEBUG    | httprunner.client:log_print:40 - 
================== response details ==================
status_code : 200
headers  : {
    "Server": "nginx",
    "Date": "Thu, 18 Nov 2021 03:33:09 GMT",
    "Content-Type": "application/json",
    "Content-Length": "74",
    "Connection": "keep-alive",
    "Access-Control-Allow-Headers": "x-requested-with, content-type, nonce, platfrom, signature, timestamp, requestId, token, key-version, fingerprint-hash, clientId, sid, x-chaos-env, systemCode, chaos, x-custom, X-Systag",
    "Access-Control-Allow-Origin": "*",
    "Access-Control-Expose-Headers": "content-disposition, chaos, green",
    "Cache-Control": "no-cache",
    "Pragma": "no-cache",
    "Traceid": "1ac5e7bc79c847c89a12140ef04e65b6"
}
cookies  : {}
encoding : utf-8
content_type : application/json
body     : {
    "code": 0,
    "msg": "操作成功!",
    "data": "9cdf08e20b84430cb78c476b57795f8d"
}

2021-11-18 11:33:08.980 | INFO     | httprunner.client:request:217 - status_code: 200, response_time(ms): 90.31 ms, response_length: 0 bytes
2021-11-18 11:33:08.981 | INFO     | httprunner.response:extract:179 - extract mapping: {'data': '9cdf08e20b84430cb78c476b57795f8d'}
2021-11-18 11:33:08.981 | INFO     | httprunner.response:validate:249 - assert status_code equal 200(int)	==> pass
2021-11-18 11:33:08.982 | INFO     | httprunner.response:validate:249 - assert body.code equal 0(int)	==> pass
2021-11-18 11:33:08.982 | INFO     | httprunner.response:validate:249 - assert body.msg equal 操作成功!(str)	==> pass
2021-11-18 11:33:08.983 | INFO     | httprunner.runner:__run_step:304 - run step end: 获取验证码 <<<<<<

2021-11-18 11:33:08.984 | INFO     | httprunner.runner:__run_step:292 - run step begin: 登录 >>>>>>
2021-11-18 11:33:09.013 | DEBUG    | httprunner.client:request:186 - client IP: 172.17.175.40, Port: 49550
2021-11-18 11:33:09.014 | DEBUG    | httprunner.client:request:194 - server IP: 10.33.184.13, Port: 443
2021-11-18 11:33:09.016 | DEBUG    | httprunner.client:log_print:40 - 
================== request details ==================
method   : GET
url      : https://uat-hello-shop.hellobike.com/merchant/loginNew?clientId=9cdf08e20b84430cb78c476b57795f8d&userName=18217055949&verificationCode=888888
headers  : {
    "user-agent": "Mozilla/5.0 (Macintosh; Intel Mac OS X 10_15_7) AppleWebKit/537.36 (KHTML, like Gecko) Chrome/95.0.4638.69 Safari/537.36",
    "Accept-Encoding": "gzip, deflate",
    "Accept": "*/*",
    "Connection": "keep-alive",
    "HRUN-Request-ID": "HRUN-95194ab9-0254-4c32-8454-a818b7f7239f-388984"
}
cookies  : {}
body     : None

2021-11-18 11:33:09.017 | DEBUG    | httprunner.client:log_print:40 - 
================== response details ==================
status_code : 200
headers  : {
    "Server": "nginx",
    "Date": "Thu, 18 Nov 2021 03:33:09 GMT",
    "Content-Type": "application/json",
    "Content-Length": "74",
    "Connection": "keep-alive",
    "Access-Control-Allow-Headers": "x-requested-with, content-type, nonce, platfrom, signature, timestamp, requestId, token, key-version, fingerprint-hash, clientId, sid, x-chaos-env, systemCode, chaos, x-custom, X-Systag",
    "Access-Control-Allow-Origin": "*",
    "Access-Control-Expose-Headers": "content-disposition, chaos, green",
    "Cache-Control": "no-cache",
    "Pragma": "no-cache",
    "Traceid": "4e25bff03adb4f83aaae043cb98f6a6c"
}
cookies  : {}
encoding : utf-8
content_type : application/json
body     : {
    "code": 0,
    "msg": "操作成功!",
    "data": "1ba1e1a6025d4d5386ad80e18eb9411a"
}

2021-11-18 11:33:09.018 | INFO     | httprunner.client:request:217 - status_code: 200, response_time(ms): 28.89 ms, response_length: 0 bytes
2021-11-18 11:33:09.018 | INFO     | httprunner.response:validate:249 - assert status_code equal 200(int)	==> pass
2021-11-18 11:33:09.019 | INFO     | httprunner.response:validate:249 - assert body.code equal 0(int)	==> pass
2021-11-18 11:33:09.019 | INFO     | httprunner.runner:__run_step:304 - run step end: 登录 <<<<<<

