2021-11-18 11:25:39.857 | INFO     | httprunner.runner:test_start:450 - Start to run testcase: testcase description, TestCase ID: d761c25d-4c02-4716-af47-b0af2c39be6c
2021-11-18 11:25:39.858 | INFO     | httprunner.runner:__run_step:292 - run step begin: 获取验证码 >>>>>>
2021-11-18 11:25:39.980 | DEBUG    | httprunner.client:request:186 - client IP: 172.17.175.40, Port: 64509
2021-11-18 11:25:39.981 | DEBUG    | httprunner.client:request:194 - server IP: 10.33.184.13, Port: 443
2021-11-18 11:25:39.982 | DEBUG    | httprunner.client:log_print:40 - 
================== request details ==================
method   : GET
url      : https://uat-hello-shop.hellobike.com/merchant/verificationCode?clientType=2&mobile=18217055949
headers  : {
    "user-agent": "Mozilla/5.0 (Macintosh; Intel Mac OS X 10_15_7) AppleWebKit/537.36 (KHTML, like Gecko) Chrome/95.0.4638.69 Safari/537.36",
    "Accept-Encoding": "gzip, deflate",
    "Accept": "*/*",
    "Connection": "keep-alive",
    "HRUN-Request-ID": "HRUN-d761c25d-4c02-4716-af47-b0af2c39be6c-939859"
}
cookies  : {}
body     : None

2021-11-18 11:25:39.983 | DEBUG    | httprunner.client:log_print:40 - 
================== response details ==================
status_code : 200
headers  : {
    "Server": "nginx",
    "Date": "Thu, 18 Nov 2021 03:25:40 GMT",
    "Content-Type": "application/json",
    "Content-Length": "74",
    "Connection": "keep-alive",
    "Access-Control-Allow-Headers": "x-requested-with, content-type, nonce, platfrom, signature, timestamp, requestId, token, key-version, fingerprint-hash, clientId, sid, x-chaos-env, systemCode, chaos, x-custom, X-Systag",
    "Access-Control-Allow-Origin": "*",
    "Access-Control-Expose-Headers": "content-disposition, chaos, green",
    "Cache-Control": "no-cache",
    "Pragma": "no-cache",
    "Traceid": "3b49981732c045c3a3f4f6d5451d10ea"
}
cookies  : {}
encoding : utf-8
content_type : application/json
body     : {
    "code": 0,
    "msg": "操作成功!",
    "data": "08764e22a54346c69d5a075c5350cdfa"
}

2021-11-18 11:25:39.983 | INFO     | httprunner.client:request:217 - status_code: 200, response_time(ms): 120.35 ms, response_length: 0 bytes
2021-11-18 11:25:39.984 | INFO     | httprunner.response:extract:179 - extract mapping: {'data': '08764e22a54346c69d5a075c5350cdfa'}
2021-11-18 11:25:39.985 | INFO     | httprunner.response:validate:249 - assert status_code equal 200(int)	==> pass
2021-11-18 11:25:39.985 | INFO     | httprunner.response:validate:249 - assert body.code equal 0(int)	==> pass
2021-11-18 11:25:39.986 | INFO     | httprunner.response:validate:249 - assert body.msg equal 操作成功!(str)	==> pass
2021-11-18 11:25:39.986 | INFO     | httprunner.runner:__run_step:304 - run step end: 获取验证码 <<<<<<

2021-11-18 11:25:39.987 | INFO     | httprunner.runner:__run_step:292 - run step begin: 登录 >>>>>>
2021-11-18 11:25:40.026 | DEBUG    | httprunner.client:request:186 - client IP: 172.17.175.40, Port: 64509
2021-11-18 11:25:40.027 | DEBUG    | httprunner.client:request:194 - server IP: 10.33.184.13, Port: 443
2021-11-18 11:25:40.028 | DEBUG    | httprunner.client:log_print:40 - 
================== request details ==================
method   : GET
url      : https://uat-hello-shop.hellobike.com/merchant/loginNew?clientId=08764e22a54346c69d5a075c5350cdfa&userName=18217055949&verificationCode=888888
headers  : {
    "user-agent": "Mozilla/5.0 (Macintosh; Intel Mac OS X 10_15_7) AppleWebKit/537.36 (KHTML, like Gecko) Chrome/95.0.4638.69 Safari/537.36",
    "Accept-Encoding": "gzip, deflate",
    "Accept": "*/*",
    "Connection": "keep-alive",
    "HRUN-Request-ID": "HRUN-d761c25d-4c02-4716-af47-b0af2c39be6c-939987"
}
cookies  : {}
body     : None

2021-11-18 11:25:40.029 | DEBUG    | httprunner.client:log_print:40 - 
================== response details ==================
status_code : 200
headers  : {
    "Server": "nginx",
    "Date": "Thu, 18 Nov 2021 03:25:40 GMT",
    "Content-Type": "application/json",
    "Content-Length": "74",
    "Connection": "keep-alive",
    "Access-Control-Allow-Headers": "x-requested-with, content-type, nonce, platfrom, signature, timestamp, requestId, token, key-version, fingerprint-hash, clientId, sid, x-chaos-env, systemCode, chaos, x-custom, X-Systag",
    "Access-Control-Allow-Origin": "*",
    "Access-Control-Expose-Headers": "content-disposition, chaos, green",
    "Cache-Control": "no-cache",
    "Pragma": "no-cache",
    "Traceid": "e6b194556e7a4dba978b1324b4fb97d0"
}
cookies  : {}
encoding : utf-8
content_type : application/json
body     : {
    "code": 0,
    "msg": "操作成功!",
    "data": "52a5ffcea2714f02ba87e7629c719490"
}

2021-11-18 11:25:40.030 | INFO     | httprunner.client:request:217 - status_code: 200, response_time(ms): 38.09 ms, response_length: 0 bytes
2021-11-18 11:25:40.030 | INFO     | httprunner.response:validate:249 - assert status_code equal 200(int)	==> pass
2021-11-18 11:25:40.031 | INFO     | httprunner.response:validate:249 - assert body.code equal 0(int)	==> pass
2021-11-18 11:25:40.031 | INFO     | httprunner.runner:__run_step:304 - run step end: 登录 <<<<<<

