2021-11-18 11:37:24.636 | INFO     | httprunner.runner:test_start:450 - Start to run testcase: testcase description, TestCase ID: e3855992-3e88-48ff-bf2f-14e98be1c394
2021-11-18 11:37:24.638 | INFO     | httprunner.runner:__run_step:292 - run step begin: 获取验证码 >>>>>>
2021-11-18 11:37:24.762 | DEBUG    | httprunner.client:request:186 - client IP: 172.17.175.40, Port: 50627
2021-11-18 11:37:24.763 | DEBUG    | httprunner.client:request:194 - server IP: 10.33.184.13, Port: 443
2021-11-18 11:37:24.765 | DEBUG    | httprunner.client:log_print:40 - 
================== request details ==================
method   : GET
url      : https://uat-hello-shop.hellobike.com/merchant/verificationCode?clientType=2&mobile=18217055949
headers  : {
    "user-agent": "Mozilla/5.0 (Macintosh; Intel Mac OS X 10_15_7) AppleWebKit/537.36 (KHTML, like Gecko) Chrome/95.0.4638.69 Safari/537.36",
    "Accept-Encoding": "gzip, deflate",
    "Accept": "*/*",
    "Connection": "keep-alive",
    "HRUN-Request-ID": "HRUN-e3855992-3e88-48ff-bf2f-14e98be1c394-644639"
}
cookies  : {}
body     : None

2021-11-18 11:37:24.766 | DEBUG    | httprunner.client:log_print:40 - 
================== response details ==================
status_code : 200
headers  : {
    "Server": "nginx",
    "Date": "Thu, 18 Nov 2021 03:37:24 GMT",
    "Content-Type": "application/json",
    "Content-Length": "74",
    "Connection": "keep-alive",
    "Access-Control-Allow-Headers": "x-requested-with, content-type, nonce, platfrom, signature, timestamp, requestId, token, key-version, fingerprint-hash, clientId, sid, x-chaos-env, systemCode, chaos, x-custom, X-Systag",
    "Access-Control-Allow-Origin": "*",
    "Access-Control-Expose-Headers": "content-disposition, chaos, green",
    "Cache-Control": "no-cache",
    "Pragma": "no-cache",
    "Traceid": "0a2f2af5842c41dd852125c4133b8841"
}
cookies  : {}
encoding : utf-8
content_type : application/json
body     : {
    "code": 0,
    "msg": "操作成功!",
    "data": "363a3275f146459b881fe0eea57509c8"
}

2021-11-18 11:37:24.767 | INFO     | httprunner.client:request:217 - status_code: 200, response_time(ms): 123.29 ms, response_length: 0 bytes
2021-11-18 11:37:24.767 | INFO     | httprunner.response:extract:179 - extract mapping: {'data': '363a3275f146459b881fe0eea57509c8'}
2021-11-18 11:37:24.768 | INFO     | httprunner.response:validate:249 - assert status_code equal 200(int)	==> pass
2021-11-18 11:37:24.768 | INFO     | httprunner.response:validate:249 - assert body.code equal 0(int)	==> pass
2021-11-18 11:37:24.769 | INFO     | httprunner.response:validate:249 - assert body.msg equal 操作成功!(str)	==> pass
2021-11-18 11:37:24.769 | INFO     | httprunner.runner:__run_step:304 - run step end: 获取验证码 <<<<<<

2021-11-18 11:37:24.770 | INFO     | httprunner.runner:__run_step:292 - run step begin: 登录 >>>>>>
2021-11-18 11:37:24.796 | DEBUG    | httprunner.client:request:186 - client IP: 172.17.175.40, Port: 50627
2021-11-18 11:37:24.797 | DEBUG    | httprunner.client:request:194 - server IP: 10.33.184.13, Port: 443
2021-11-18 11:37:24.798 | DEBUG    | httprunner.client:log_print:40 - 
================== request details ==================
method   : GET
url      : https://uat-hello-shop.hellobike.com/merchant/loginNew?clientId=363a3275f146459b881fe0eea57509c8&userName=18217055949&verificationCode=888888
headers  : {
    "user-agent": "Mozilla/5.0 (Macintosh; Intel Mac OS X 10_15_7) AppleWebKit/537.36 (KHTML, like Gecko) Chrome/95.0.4638.69 Safari/537.36",
    "Accept-Encoding": "gzip, deflate",
    "Accept": "*/*",
    "Connection": "keep-alive",
    "HRUN-Request-ID": "HRUN-e3855992-3e88-48ff-bf2f-14e98be1c394-644771"
}
cookies  : {}
body     : None

2021-11-18 11:37:24.799 | DEBUG    | httprunner.client:log_print:40 - 
================== response details ==================
status_code : 200
headers  : {
    "Server": "nginx",
    "Date": "Thu, 18 Nov 2021 03:37:24 GMT",
    "Content-Type": "application/json",
    "Content-Length": "74",
    "Connection": "keep-alive",
    "Access-Control-Allow-Headers": "x-requested-with, content-type, nonce, platfrom, signature, timestamp, requestId, token, key-version, fingerprint-hash, clientId, sid, x-chaos-env, systemCode, chaos, x-custom, X-Systag",
    "Access-Control-Allow-Origin": "*",
    "Access-Control-Expose-Headers": "content-disposition, chaos, green",
    "Cache-Control": "no-cache",
    "Pragma": "no-cache",
    "Traceid": "4835ae351f604104b8a075ecdb0b15de"
}
cookies  : {}
encoding : utf-8
content_type : application/json
body     : {
    "code": 0,
    "msg": "操作成功!",
    "data": "8e5967786c164bf7923af2f1a879a34e"
}

2021-11-18 11:37:24.799 | INFO     | httprunner.client:request:217 - status_code: 200, response_time(ms): 24.54 ms, response_length: 0 bytes
2021-11-18 11:37:24.800 | INFO     | httprunner.response:validate:249 - assert status_code equal 200(int)	==> pass
2021-11-18 11:37:24.801 | INFO     | httprunner.response:validate:249 - assert body.code equal 0(int)	==> pass
2021-11-18 11:37:24.801 | INFO     | httprunner.runner:__run_step:304 - run step end: 登录 <<<<<<

